Release 14.6 - xst P.68d (nt64)
Copyright (c) 1995-2013 Xilinx, Inc.  All rights reserved.
--> Parameter TMPDIR set to xst/projnav.tmp


Total REAL time to Xst completion: 0.00 secs
Total CPU time to Xst completion: 0.14 secs
 
--> Parameter xsthdpdir set to xst


Total REAL time to Xst completion: 0.00 secs
Total CPU time to Xst completion: 0.14 secs
 
--> Reading design: clock_divider.prj

TABLE OF CONTENTS
  1) Synthesis Options Summary
  2) HDL Parsing
  3) HDL Elaboration
  4) HDL Synthesis
       4.1) HDL Synthesis Report
  5) Advanced HDL Synthesis
       5.1) Advanced HDL Synthesis Report
  6) Low Level Synthesis
  7) Partition Report
  8) Design Summary
       8.1) Primitive and Black Box Usage
       8.2) Device utilization summary
       8.3) Partition Resource Summary
       8.4) Timing Report
            8.4.1) Clock Information
            8.4.2) Asynchronous Control Signals Information
            8.4.3) Timing Summary
            8.4.4) Timing Details
            8.4.5) Cross Clock Domains Report


=========================================================================
*                      Synthesis Options Summary                        *
=========================================================================
---- Source Parameters
Input File Name                    : "clock_divider.prj"
Ignore Synthesis Constraint File   : NO

---- Target Parameters
Output File Name                   : "clock_divider"
Output Format                      : NGC
Target Device                      : xc6slx16-3-csg324

---- Source Options
Top Module Name                    : clock_divider
Automatic FSM Extraction           : YES
FSM Encoding Algorithm             : Auto
Safe Implementation                : No
FSM Style                          : LUT
RAM Extraction                     : Yes
RAM Style                          : Auto
ROM Extraction                     : Yes
Shift Register Extraction          : YES
ROM Style                          : Auto
Resource Sharing                   : YES
Asynchronous To Synchronous        : NO
Shift Register Minimum Size        : 2
Use DSP Block                      : Auto
Automatic Register Balancing       : No

---- Target Options
LUT Combining                      : Auto
Reduce Control Sets                : Auto
Add IO Buffers                     : YES
Global Maximum Fanout              : 100000
Add Generic Clock Buffer(BUFG)     : 16
Register Duplication               : YES
Optimize Instantiated Primitives   : NO
Use Clock Enable                   : Auto
Use Synchronous Set                : Auto
Use Synchronous Reset              : Auto
Pack IO Registers into IOBs        : Auto
Equivalent register Removal        : YES

---- General Options
Optimization Goal                  : Speed
Optimization Effort                : 1
Power Reduction                    : NO
Keep Hierarchy                     : No
Netlist Hierarchy                  : As_Optimized
RTL Output                         : Yes
Global Optimization                : AllClockNets
Read Cores                         : YES
Write Timing Constraints           : NO
Cross Clock Analysis               : NO
Hierarchy Separator                : /
Bus Delimiter                      : <>
Case Specifier                     : Maintain
Slice Utilization Ratio            : 100
BRAM Utilization Ratio             : 100
DSP48 Utilization Ratio            : 100
Auto BRAM Packing                  : NO
Slice Utilization Ratio Delta      : 5

=========================================================================


=========================================================================
*                          HDL Parsing                                  *
=========================================================================
Analyzing Verilog file "C:\Users\152\Desktop\lab3.3\clock_divider.v" into library work
Parsing module <clock_divider>.

=========================================================================
*                            HDL Elaboration                            *
=========================================================================

Elaborating module <clock_divider>.
WARNING:HDLCompiler:413 - "C:\Users\152\Desktop\lab3.3\clock_divider.v" Line 46: Result of 28-bit expression is truncated to fit in 27-bit target.
WARNING:HDLCompiler:413 - "C:\Users\152\Desktop\lab3.3\clock_divider.v" Line 47: Result of 27-bit expression is truncated to fit in 26-bit target.
WARNING:HDLCompiler:413 - "C:\Users\152\Desktop\lab3.3\clock_divider.v" Line 48: Result of 26-bit expression is truncated to fit in 25-bit target.
WARNING:HDLCompiler:413 - "C:\Users\152\Desktop\lab3.3\clock_divider.v" Line 49: Result of 26-bit expression is truncated to fit in 25-bit target.

=========================================================================
*                           HDL Synthesis                               *
=========================================================================

Synthesizing Unit <clock_divider>.
    Related source file is "C:\Users\152\Desktop\lab3.3\clock_divider.v".
    Found 26-bit register for signal <twoHz_counter>.
    Found 25-bit register for signal <hundredHz_counter>.
    Found 25-bit register for signal <blinkHz_counter>.
    Found 1-bit register for signal <one_hz_clock>.
    Found 1-bit register for signal <two_hz_clock>.
    Found 1-bit register for signal <hundred_hz_clock>.
    Found 1-bit register for signal <blink_clock>.
    Found 27-bit register for signal <oneHz_counter>.
    Found 27-bit adder for signal <oneHz_counter[26]_GND_1_o_add_1_OUT> created at line 46.
    Found 26-bit adder for signal <twoHz_counter[25]_GND_1_o_add_2_OUT> created at line 47.
    Found 25-bit adder for signal <hundredHz_counter[24]_GND_1_o_add_3_OUT> created at line 48.
    Found 25-bit adder for signal <blinkHz_counter[24]_GND_1_o_add_4_OUT> created at line 49.
    Summary:
	inferred   4 Adder/Subtractor(s).
	inferred 107 D-type flip-flop(s).
Unit <clock_divider> synthesized.

=========================================================================
HDL Synthesis Report

Macro Statistics
# Adders/Subtractors                                   : 4
 25-bit adder                                          : 2
 26-bit adder                                          : 1
 27-bit adder                                          : 1
# Registers                                            : 8
 1-bit register                                        : 4
 25-bit register                                       : 2
 26-bit register                                       : 1
 27-bit register                                       : 1

=========================================================================

=========================================================================
*                       Advanced HDL Synthesis                          *
=========================================================================


Synthesizing (advanced) Unit <clock_divider>.
The following registers are absorbed into counter <twoHz_counter>: 1 register on signal <twoHz_counter>.
The following registers are absorbed into counter <blinkHz_counter>: 1 register on signal <blinkHz_counter>.
The following registers are absorbed into counter <hundredHz_counter>: 1 register on signal <hundredHz_counter>.
The following registers are absorbed into counter <oneHz_counter>: 1 register on signal <oneHz_counter>.
Unit <clock_divider> synthesized (advanced).

=========================================================================
Advanced HDL Synthesis Report

Macro Statistics
# Counters                                             : 4
 25-bit up counter                                     : 2
 26-bit up counter                                     : 1
 27-bit up counter                                     : 1
# Registers                                            : 4
 Flip-Flops                                            : 4

=========================================================================

=========================================================================
*                         Low Level Synthesis                           *
=========================================================================

Optimizing unit <clock_divider> ...

Mapping all equations...
Building and optimizing final netlist ...
Found area constraint ratio of 100 (+ 5) on block clock_divider, actual ratio is 1.

Final Macro Processing ...

=========================================================================
Final Register Report

Macro Statistics
# Registers                                            : 107
 Flip-Flops                                            : 107

=========================================================================

=========================================================================
*                           Partition Report                            *
=========================================================================

Partition Implementation Status
-------------------------------

  No Partitions were found in this design.

-------------------------------

=========================================================================
*                            Design Summary                             *
=========================================================================

Top Level Output File Name         : clock_divider.ngc

Primitive and Black Box Usage:
------------------------------
# BELS                             : 434
#      GND                         : 1
#      INV                         : 4
#      LUT1                        : 99
#      LUT2                        : 27
#      LUT3                        : 1
#      LUT6                        : 99
#      MUXCY                       : 99
#      VCC                         : 1
#      XORCY                       : 103
# FlipFlops/Latches                : 107
#      FD                          : 107
# Clock Buffers                    : 1
#      BUFGP                       : 1
# IO Buffers                       : 4
#      OBUF                        : 4

Device utilization summary:
---------------------------

Selected Device : 6slx16csg324-3 


Slice Logic Utilization: 
 Number of Slice Registers:             107  out of  18224     0%  
 Number of Slice LUTs:                  230  out of   9112     2%  
    Number used as Logic:               230  out of   9112     2%  

Slice Logic Distribution: 
 Number of LUT Flip Flop pairs used:    230
   Number with an unused Flip Flop:     123  out of    230    53%  
   Number with an unused LUT:             0  out of    230     0%  
   Number of fully used LUT-FF pairs:   107  out of    230    46%  
   Number of unique control sets:         1

IO Utilization: 
 Number of IOs:                           5
 Number of bonded IOBs:                   5  out of    232     2%  

Specific Feature Utilization:
 Number of BUFG/BUFGCTRLs:                1  out of     16     6%  

---------------------------
Partition Resource Summary:
---------------------------

  No Partitions were found in this design.

---------------------------


=========================================================================
Timing Report

NOTE: THESE TIMING NUMBERS ARE ONLY A SYNTHESIS ESTIMATE.
      FOR ACCURATE TIMING INFORMATION PLEASE REFER TO THE TRACE REPORT
      GENERATED AFTER PLACE-and-ROUTE.

Clock Information:
------------------
-----------------------------------+------------------------+-------+
Clock Signal                       | Clock buffer(FF name)  | Load  |
-----------------------------------+------------------------+-------+
clk                                | BUFGP                  | 107   |
-----------------------------------+------------------------+-------+

Asynchronous Control Signals Information:
----------------------------------------
No asynchronous control signals found in this design

Timing Summary:
---------------
Speed Grade: -3

   Minimum period: 3.998ns (Maximum Frequency: 250.150MHz)
   Minimum input arrival time before clock: No path found
   Maximum output required time after clock: 3.634ns
   Maximum combinational path delay: No path found

Timing Details:
---------------
All values displayed in nanoseconds (ns)

=========================================================================
Timing constraint: Default period analysis for Clock 'clk'
  Clock period: 3.998ns (frequency: 250.150MHz)
  Total number of paths / destination ports: 4141 / 107
-------------------------------------------------------------------------
Delay:               3.998ns (Levels of Logic = 3)
  Source:            twoHz_counter_8 (FF)
  Destination:       twoHz_counter_0 (FF)
  Source Clock:      clk rising
  Destination Clock: clk rising

  Data Path: twoHz_counter_8 to twoHz_counter_0
                                Gate     Net
    Cell:in->out      fanout   Delay   Delay  Logical Name (Net Name)
    ----------------------------------------  ------------
     FD:C->Q               2   0.447   0.981  twoHz_counter_8 (twoHz_counter_8)
     LUT6:I0->O            3   0.203   0.898  twoHz_counter[25]_GND_1_o_equal_8_o<25>4 (twoHz_counter[25]_GND_1_o_equal_8_o<25>3)
     LUT6:I2->O           14   0.203   0.958  twoHz_counter[25]_GND_1_o_equal_8_o<25>5 (twoHz_counter[25]_GND_1_o_equal_8_o)
     LUT2:I1->O            1   0.205   0.000  twoHz_counter_0_rstpot (twoHz_counter_0_rstpot)
     FD:D                      0.102          twoHz_counter_0
    ----------------------------------------
    Total                      3.998ns (1.160ns logic, 2.838ns route)
                                       (29.0% logic, 71.0% route)

=========================================================================
Timing constraint: Default OFFSET OUT AFTER for Clock 'clk'
  Total number of paths / destination ports: 4 / 4
-------------------------------------------------------------------------
Offset:              3.634ns (Levels of Logic = 1)
  Source:            one_hz_temp (FF)
  Destination:       one_hz_clock (PAD)
  Source Clock:      clk rising

  Data Path: one_hz_temp to one_hz_clock
                                Gate     Net
    Cell:in->out      fanout   Delay   Delay  Logical Name (Net Name)
    ----------------------------------------  ------------
     FD:C->Q               2   0.447   0.616  one_hz_temp (one_hz_temp)
     OBUF:I->O                 2.571          one_hz_clock_OBUF (one_hz_clock)
    ----------------------------------------
    Total                      3.634ns (3.018ns logic, 0.616ns route)
                                       (83.0% logic, 17.0% route)

=========================================================================

Cross Clock Domains Report:
--------------------------

Clock to Setup on destination clock clk
---------------+---------+---------+---------+---------+
               | Src:Rise| Src:Fall| Src:Rise| Src:Fall|
Source Clock   |Dest:Rise|Dest:Rise|Dest:Fall|Dest:Fall|
---------------+---------+---------+---------+---------+
clk            |    3.998|         |         |         |
---------------+---------+---------+---------+---------+

=========================================================================


Total REAL time to Xst completion: 7.00 secs
Total CPU time to Xst completion: 7.00 secs
 
--> 

Total memory usage is 257564 kilobytes

Number of errors   :    0 (   0 filtered)
Number of warnings :    4 (   0 filtered)
Number of infos    :    0 (   0 filtered)

